app/mapping.txt
# compiler: R8
# compiler_version: 8.2.47
# min_api: 21
# common_typos_disable
# {"id":"com.android.tools.r8.mapping","version":"2.2"}
# pg_map_id: af05d8f
# pg_map_hash: SHA-256 af05d8f1bdf4d975791570ac9c5d873836571573f93cae21ecb899a650965afa
com.hololo.app.dnschanger.DNSChangerApp -> com.hololo.app.dnschanger.DNSChangerApp:
# {"id":"sourceFile","fileName":"DNSChangerApp.java"}
    com.hololo.app.dnschanger.di.component.ApplicationComponent applicationComponent -> a
      # {"id":"com.android.tools.r8.residualsignature","signature":"Lt1/a;"}
    1:4:void <init>():13:13 -> <init>
    1:1:com.hololo.app.dnschanger.di.component.ApplicationComponent getApplicationComponent():0:0 -> a
      # {"id":"com.android.tools.r8.residualsignature","signature":"()Lt1/a;"}
    1:8:void attachBaseContext(android.content.Context):22:22 -> attachBaseContext
    1:3:void onCreate():27:27 -> onCreate
    4:12:void onCreate():30:30 -> onCreate
    13:16:void onCreate():31:31 -> onCreate
    17:22:void onCreate():32:32 -> onCreate
    23:31:void onCreate():40:40 -> onCreate
com.hololo.app.dnschanger.DNSChangerApp$1 -> com.hololo.app.dnschanger.DNSChangerApp$a:
# {"id":"sourceFile","fileName":"DNSChangerApp.java"}
    com.hololo.app.dnschanger.DNSChangerApp this$0 -> b
    3:6:void <init>(com.hololo.app.dnschanger.DNSChangerApp):40:40 -> <init>
    21:55:void log(int,java.lang.String,java.lang.String,java.lang.Throwable):53:53 -> l
    56:81:void log(int,java.lang.String,java.lang.String,java.lang.Throwable):55:55 -> l
    82:90:void log(int,java.lang.String,java.lang.String,java.lang.Throwable):58:58 -> l
com.hololo.app.dnschanger.about.AboutActivity -> com.hololo.app.dnschanger.about.AboutActivity:
# {"id":"sourceFile","fileName":"AboutActivity.java"}
    1:4:void <init>():22:22 -> <init>
    1:7:void openUrl(java.lang.String):83:83 -> T
    8:14:void openUrl(java.lang.String):84:84 -> T
    15:18:void openUrl(java.lang.String):85:85 -> T
    1:8:void attachBaseContext(android.content.Context):26:26 -> attachBaseContext
    1:6:void onCreate(android.os.Bundle):42:42 -> onCreate
    7:9:void onCreate(android.os.Bundle):43:43 -> onCreate
    10:14:void onCreate(android.os.Bundle):44:44 -> onCreate
    15:17:void onCreate(android.os.Bundle):46:46 -> onCreate
    18:23:void onCreate(android.os.Bundle):47:47 -> onCreate
    24:31:void onCreate(android.os.Bundle):48:48 -> onCreate
    32:42:void onCreate(android.os.Bundle):49:49 -> onCreate
    43:46:void onCreate(android.os.Bundle):52:52 -> onCreate
    1:9:void onEmailClick():71:71 -> onEmailClick
    10:20:void onEmailClick():72:72 -> onEmailClick
    21:26:void onEmailClick():73:73 -> onEmailClick
    27:38:void onEmailClick():74:74 -> onEmailClick
    3:6:void onGithubClick():66:66 -> onGithubClick
    1:9:boolean onOptionsItemSelected(android.view.MenuItem):57:57 -> onOptionsItemSelected
    10:14:boolean onOptionsItemSelected(android.view.MenuItem):58:58 -> onOptionsItemSelected
    15:19:boolean onOptionsItemSelected(android.view.MenuItem):61:61 -> onOptionsItemSelected
    3:6:void onWebsiteClick():79:79 -> onWebsiteClick
...
kotlinx.coroutines.internal.OpDescriptor -> kotlinx.coroutines.internal.s:
# {"id":"sourceFile","fileName":"Atomic.kt"}
    kotlinx.coroutines.internal.AtomicOp getAtomicOp() -> a
      # {"id":"com.android.tools.r8.residualsignature","signature":"()Lkotlinx/coroutines/internal/c;"}
    1:8:boolean isEarlierThan(kotlinx.coroutines.internal.OpDescriptor):35:35 -> b
      # {"id":"com.android.tools.r8.residualsignature","signature":"(Lkotlinx/coroutines/internal/s;)Z"}
    9:15:boolean isEarlierThan(kotlinx.coroutines.internal.OpDescriptor):36:36 -> b
    16:29:boolean isEarlierThan(kotlinx.coroutines.internal.OpDescriptor):37:37 -> b
    java.lang.Object perform(java.lang.Object) -> c
    1:29:java.lang.String toString():32:32 -> toString
kotlinx.coroutines.internal.Removed -> kotlinx.coroutines.internal.t:
# {"id":"sourceFile","fileName":"LockFreeLinkedList.kt"}
    kotlinx.coroutines.internal.LockFreeLinkedListNode ref -> a
      # {"id":"com.android.tools.r8.residualsignature","signature":"Lkotlinx/coroutines/internal/l;"}
    1:6:void <init>(kotlinx.coroutines.internal.LockFreeLinkedListNode):626:626 -> <init>
      # {"id":"com.android.tools.r8.residualsignature","signature":"(Lkotlinx/coroutines/internal/l;)V"}
    1:25:java.lang.String toString():627:627 -> toString
kotlinx.coroutines.internal.ResizableAtomicArray -> kotlinx.coroutines.internal.u:
# {"id":"sourceFile","fileName":"ResizableAtomicArray.kt"}
    1:3:void <init>(int):13:13 -> <init>
    4:11:void <init>(int):15:15 -> <init>
    3:7:int currentLength():18:18 -> a
    3:15:java.lang.Object get(int):22:22 -> b
    3:8:void setSynchronized(int,java.lang.Object):28:28 -> c
    9:12:void setSynchronized(int,java.lang.Object):30:30 -> c
    13:28:void setSynchronized(int,java.lang.Object):32:32 -> c
    29:38:void setSynchronized(int,java.lang.Object):33:33 -> c
    39:44:void setSynchronized(int,java.lang.Object):34:34 -> c
kotlinx.coroutines.internal.ScopeCoroutine -> kotlinx.coroutines.internal.v:
# {"id":"sourceFile","fileName":"Scopes.kt"}
    kotlin.coroutines.Continuation uCont -> f
      # {"id":"com.android.tools.r8.residualsignature","signature":"Lm2/d;"}
    2:7:void <init>(kotlin.coroutines.CoroutineContext,kotlin.coroutines.Continuation):18:18 -> <init>
      # {"id":"com.android.tools.r8.residualsignature","signature":"(Lm2/g;Lm2/d;)V"}
    1:1:boolean isScopedCoroutine():0:0 -> V
    3:11:kotlin.coroutines.jvm.internal.CoroutineStackFrame getCallerFrame():20:20 -> f
      # {"id":"com.android.tools.r8.residualsignature","signature":"()Lo2/d;"}
    3:18:void afterCompletion(java.lang.Object):28:28 -> q
    3:10:void afterResume(java.lang.Object):33:33 -> u0
kotlinx.coroutines.internal.Symbol -> kotlinx.coroutines.internal.w:
# {"id":"sourceFile","fileName":"Symbol.kt"}
    java.lang.String symbol -> a
    1:6:void <init>(java.lang.String):14:14 -> <init>
    1:25:java.lang.String toString():15:15 -> toString
kotlinx.coroutines.internal.SynchronizedKt -> R8$$REMOVED$$CLASS$$1:
# {"id":"sourceFile","fileName":"Synchronized.kt"}
kotlinx.coroutines.internal.SystemPropsKt -> kotlinx.coroutines.internal.x:
    1:5:int getAVAILABLE_PROCESSORS():1:1 -> a
    1:5:int systemProp(java.lang.String,int,int,int):1:1 -> b
    1:5:long systemProp(java.lang.String,long,long,long):1:1 -> c
    1:5:java.lang.String systemProp(java.lang.String):1:1 -> d
    1:5:boolean systemProp(java.lang.String,boolean):1:1 -> e
    1:5:int systemProp$default(java.lang.String,int,int,int,int,java.lang.Object):1:1 -> f
    1:5:long systemProp$default(java.lang.String,long,long,long,int,java.lang.Object):1:1 -> g
kotlinx.coroutines.internal.SystemPropsKt__SystemPropsKt -> kotlinx.coroutines.internal.y:
# {"id":"sourceFile","fileName":"SystemProps.kt"}
    int AVAILABLE_PROCESSORS -> a
    1:11:void <clinit>():11:11 -> <clinit>
    1:1:int getAVAILABLE_PROCESSORS():0:0 -> a
    1:7:java.lang.String systemProp(java.lang.String):17:17 -> b